2022-01-13 18:30:27,707 [Worker-4: Loading available Gradle versions] INFO  o.e.b.c.i.u.g.PublishedGradleVersions - Gradle version information cache is up-to-date. Trying to read.
2022-01-13 18:33:10,915 [Worker-19: Creating maven-archetype-quickstart] INFO  o.e.m.c.i.p.ProjectConfigurationManager - Collecting project info '/pom.xml' G:\My Drive\Java\javaEclipse\Proje01\pom.xml
2022-01-13 18:33:12,329 [Worker-19: Creating maven-archetype-quickstart] INFO  o.e.m.c.i.l.LifecycleMappingFactory - Using org.eclipse.m2e.jdt.JarLifecycleMapping lifecycle mapping for MavenProject: jdbcProjeleri:Proje01:0.0.1-SNAPSHOT @ G:\My Drive\Java\javaEclipse\Proje01\pom.xml.
2022-01-13 18:33:14,049 [Worker-7: Building] INFO  o.e.m.c.i.l.LifecycleMappingFactory - Using org.eclipse.m2e.jdt.JarLifecycleMapping lifecycle mapping for MavenProject: jdbcProjeleri:Proje01:0.0.1-SNAPSHOT @ G:\My Drive\Java\javaEclipse\Proje01\pom.xml.
2022-01-13 18:33:14,277 [Worker-7: Building] INFO  o.e.m.c.i.embedder.EclipseLogger - Using 'UTF-8' encoding to copy filtered resources.
2022-01-13 18:33:14,280 [Worker-7: Building] INFO  o.e.m.c.i.embedder.EclipseLogger - skip non existing resourceDirectory G:\My Drive\Java\javaEclipse\Proje01\src\main\resources
2022-01-13 18:33:14,283 [Worker-7: Building] INFO  o.e.m.c.i.embedder.EclipseLogger - Using 'UTF-8' encoding to copy filtered resources.
2022-01-13 18:33:14,285 [Worker-7: Building] INFO  o.e.m.c.i.embedder.EclipseLogger - skip non existing resourceDirectory G:\My Drive\Java\javaEclipse\Proje01\src\test\resources
2022-01-13 18:33:56,854 [Worker-7: Creating maven-archetype-quickstart] INFO  o.e.m.c.i.p.ProjectConfigurationManager - Collecting project info '/pom.xml' G:\My Drive\Java\javaEclipse\s1\pom.xml
2022-01-13 18:33:57,082 [Worker-7: Creating maven-archetype-quickstart] INFO  o.e.m.c.i.l.LifecycleMappingFactory - Using org.eclipse.m2e.jdt.JarLifecycleMapping lifecycle mapping for MavenProject: jdbcProjeleri:s1:0.0.1-SNAPSHOT @ G:\My Drive\Java\javaEclipse\s1\pom.xml.
2022-01-13 18:33:57,860 [Worker-6: Building] INFO  o.e.m.c.i.embedder.EclipseLogger - Using 'UTF-8' encoding to copy filtered resources.
2022-01-13 18:33:57,867 [Worker-6: Building] INFO  o.e.m.c.i.embedder.EclipseLogger - skip non existing resourceDirectory G:\My Drive\Java\javaEclipse\s1\src\main\resources
2022-01-13 18:33:57,874 [Worker-6: Building] INFO  o.e.m.c.i.embedder.EclipseLogger - Using 'UTF-8' encoding to copy filtered resources.
2022-01-13 18:33:57,875 [Worker-6: Building] INFO  o.e.m.c.i.embedder.EclipseLogger - skip non existing resourceDirectory G:\My Drive\Java\javaEclipse\s1\src\test\resources
2022-01-13 18:33:59,039 [Worker-12: Building] INFO  o.e.m.c.i.l.LifecycleMappingFactory - Using org.eclipse.m2e.jdt.JarLifecycleMapping lifecycle mapping for MavenProject: jdbcProjeleri:s1:0.0.1-SNAPSHOT @ G:\My Drive\Java\javaEclipse\s1\pom.xml.
2022-01-13 18:33:59,085 [Worker-12: Building] INFO  o.e.m.c.i.embedder.EclipseLogger - Using 'UTF-8' encoding to copy filtered resources.
2022-01-13 18:33:59,088 [Worker-12: Building] INFO  o.e.m.c.i.embedder.EclipseLogger - skip non existing resourceDirectory G:\My Drive\Java\javaEclipse\s1\src\main\resources
2022-01-13 18:33:59,091 [Worker-12: Building] INFO  o.e.m.c.i.embedder.EclipseLogger - Using 'UTF-8' encoding to copy filtered resources.
2022-01-13 18:33:59,092 [Worker-12: Building] INFO  o.e.m.c.i.embedder.EclipseLogger - skip non existing resourceDirectory G:\My Drive\Java\javaEclipse\s1\src\test\resources
2022-01-13 18:35:19,445 [Worker-14: Updating Maven Project] INFO  o.e.m.c.i.p.ProjectConfigurationManager - Update started
2022-01-13 18:35:19,570 [Worker-14: Updating Maven Project] INFO  o.e.m.c.i.l.LifecycleMappingFactory - Using org.eclipse.m2e.jdt.JarLifecycleMapping lifecycle mapping for MavenProject: jdbcProjeleri:s1:0.0.1-SNAPSHOT @ G:\My Drive\Java\javaEclipse\s1\pom.xml.
2022-01-13 18:35:19,765 [Worker-14: Updating Maven Project] INFO  o.e.m.j.i.AbstractJavaProjectConfigurator - Adding source folder /s1/src/main/java
2022-01-13 18:35:19,803 [Worker-14: Updating Maven Project] INFO  o.e.m.j.i.AbstractJavaProjectConfigurator - Adding source folder /s1/src/test/java
2022-01-13 18:35:20,298 [Worker-14: Updating Maven Project] INFO  o.e.m.c.i.p.ProjectConfigurationManager - Update completed: 0 sec
2022-01-13 18:35:20,787 [Worker-14: Building] INFO  o.e.m.c.i.embedder.EclipseLogger - Using 'UTF-8' encoding to copy filtered resources.
2022-01-13 18:35:20,787 [Worker-14: Building] INFO  o.e.m.c.i.embedder.EclipseLogger - skip non existing resourceDirectory G:\My Drive\Java\javaEclipse\s1\src\main\resources
2022-01-13 18:35:20,791 [Worker-14: Building] INFO  o.e.m.c.i.embedder.EclipseLogger - Using 'UTF-8' encoding to copy filtered resources.
2022-01-13 18:35:20,792 [Worker-14: Building] INFO  o.e.m.c.i.embedder.EclipseLogger - skip non existing resourceDirectory G:\My Drive\Java\javaEclipse\s1\src\test\resources
2022-01-13 18:35:21,984 [Worker-6: Building] INFO  o.e.m.c.i.embedder.EclipseLogger - Using 'UTF-8' encoding to copy filtered resources.
2022-01-13 18:35:21,988 [Worker-6: Building] INFO  o.e.m.c.i.embedder.EclipseLogger - skip non existing resourceDirectory G:\My Drive\Java\javaEclipse\s1\src\main\resources
2022-01-13 18:35:21,991 [Worker-6: Building] INFO  o.e.m.c.i.embedder.EclipseLogger - Using 'UTF-8' encoding to copy filtered resources.
2022-01-13 18:35:21,993 [Worker-6: Building] INFO  o.e.m.c.i.embedder.EclipseLogger - skip non existing resourceDirectory G:\My Drive\Java\javaEclipse\s1\src\test\resources
2022-01-13 18:35:51,394 [Worker-4: Updating Maven Project] INFO  o.e.m.c.i.p.ProjectConfigurationManager - Update started
2022-01-13 18:35:51,515 [Worker-4: Updating Maven Project] INFO  o.e.m.c.i.l.LifecycleMappingFactory - Using org.eclipse.m2e.jdt.JarLifecycleMapping lifecycle mapping for MavenProject: jdbcProjeleri:Proje01:0.0.1-SNAPSHOT @ G:\My Drive\Java\javaEclipse\Proje01\pom.xml.
2022-01-13 18:35:51,713 [Worker-4: Updating Maven Project] INFO  o.e.m.j.i.AbstractJavaProjectConfigurator - Adding source folder /Proje01/src/main/java
2022-01-13 18:35:51,760 [Worker-4: Updating Maven Project] INFO  o.e.m.j.i.AbstractJavaProjectConfigurator - Adding source folder /Proje01/src/test/java
2022-01-13 18:35:52,119 [Worker-4: Updating Maven Project] INFO  o.e.m.c.i.p.ProjectConfigurationManager - Update completed: 0 sec
2022-01-13 18:35:52,452 [Worker-6: Building] INFO  o.e.m.c.i.embedder.EclipseLogger - Using 'UTF-8' encoding to copy filtered resources.
2022-01-13 18:35:52,454 [Worker-6: Building] INFO  o.e.m.c.i.embedder.EclipseLogger - skip non existing resourceDirectory G:\My Drive\Java\javaEclipse\Proje01\src\main\resources
2022-01-13 18:35:52,455 [Worker-6: Building] INFO  o.e.m.c.i.embedder.EclipseLogger - Using 'UTF-8' encoding to copy filtered resources.
2022-01-13 18:35:52,457 [Worker-6: Building] INFO  o.e.m.c.i.embedder.EclipseLogger - skip non existing resourceDirectory G:\My Drive\Java\javaEclipse\Proje01\src\test\resources
2022-01-13 18:35:53,642 [Worker-11: Building] INFO  o.e.m.c.i.embedder.EclipseLogger - Using 'UTF-8' encoding to copy filtered resources.
2022-01-13 18:35:53,644 [Worker-11: Building] INFO  o.e.m.c.i.embedder.EclipseLogger - skip non existing resourceDirectory G:\My Drive\Java\javaEclipse\Proje01\src\main\resources
2022-01-13 18:35:53,646 [Worker-11: Building] INFO  o.e.m.c.i.embedder.EclipseLogger - Using 'UTF-8' encoding to copy filtered resources.
2022-01-13 18:35:53,647 [Worker-11: Building] INFO  o.e.m.c.i.embedder.EclipseLogger - skip non existing resourceDirectory G:\My Drive\Java\javaEclipse\Proje01\src\test\resources
2022-01-13 18:37:01,122 [Worker-9: Building] INFO  o.e.m.c.i.l.LifecycleMappingFactory - Using org.eclipse.m2e.jdt.JarLifecycleMapping lifecycle mapping for MavenProject: jdbcProjeleri:Proje01:0.0.1-SNAPSHOT @ G:\My Drive\Java\javaEclipse\jdbcProjects\pom.xml.
2022-01-13 18:37:01,232 [Worker-9: Building] INFO  o.e.m.c.i.embedder.EclipseLogger - Using 'UTF-8' encoding to copy filtered resources.
2022-01-13 18:37:01,242 [Worker-9: Building] INFO  o.e.m.c.i.embedder.EclipseLogger - skip non existing resourceDirectory G:\My Drive\Java\javaEclipse\jdbcProjects\src\main\resources
2022-01-13 18:37:01,246 [Worker-9: Building] INFO  o.e.m.c.i.embedder.EclipseLogger - Using 'UTF-8' encoding to copy filtered resources.
2022-01-13 18:37:01,247 [Worker-9: Building] INFO  o.e.m.c.i.embedder.EclipseLogger - skip non existing resourceDirectory G:\My Drive\Java\javaEclipse\jdbcProjects\src\test\resources
2022-01-13 18:37:02,593 [Worker-13: Building] INFO  o.e.m.c.i.embedder.EclipseLogger - Using 'UTF-8' encoding to copy filtered resources.
2022-01-13 18:37:02,595 [Worker-13: Building] INFO  o.e.m.c.i.embedder.EclipseLogger - skip non existing resourceDirectory G:\My Drive\Java\javaEclipse\jdbcProjects\src\main\resources
2022-01-13 18:37:02,597 [Worker-13: Building] INFO  o.e.m.c.i.embedder.EclipseLogger - Using 'UTF-8' encoding to copy filtered resources.
2022-01-13 18:37:02,599 [Worker-13: Building] INFO  o.e.m.c.i.embedder.EclipseLogger - skip non existing resourceDirectory G:\My Drive\Java\javaEclipse\jdbcProjects\src\test\resources
2022-01-13 18:40:19,448 [Worker-4: Updating Maven Project] INFO  o.e.m.c.i.p.ProjectConfigurationManager - Update started
2022-01-13 18:40:20,092 [Worker-4: Updating Maven Project] INFO  o.e.m.c.i.l.LifecycleMappingFactory - Using org.eclipse.m2e.jdt.JarLifecycleMapping lifecycle mapping for MavenProject: jdbcProjeleri:Proje01:0.0.1-SNAPSHOT @ G:\My Drive\Java\javaEclipse\jdbcProjects\pom.xml.
2022-01-13 18:40:20,153 [Worker-4: Updating Maven Project] INFO  o.e.m.c.i.l.LifecycleMappingFactory - Using org.eclipse.m2e.jdt.JarLifecycleMapping lifecycle mapping for MavenProject: jdbcProjeleri:s1:0.0.1-SNAPSHOT @ G:\My Drive\Java\javaEclipse\s1\pom.xml.
2022-01-13 18:40:20,774 [Worker-4: Updating Maven Project] INFO  o.e.m.j.i.AbstractJavaProjectConfigurator - Adding source folder /jdbcProjects/src/main/java
2022-01-13 18:40:20,778 [Worker-4: Updating Maven Project] INFO  o.e.m.j.i.AbstractJavaProjectConfigurator - Adding source folder /jdbcProjects/src/test/java
2022-01-13 18:40:20,909 [Worker-4: Updating Maven Project] INFO  o.e.m.j.i.AbstractJavaProjectConfigurator - Adding source folder /s1/src/main/java
2022-01-13 18:40:20,913 [Worker-4: Updating Maven Project] INFO  o.e.m.j.i.AbstractJavaProjectConfigurator - Adding source folder /s1/src/test/java
2022-01-13 18:40:21,254 [Worker-4: Updating Maven Project] INFO  o.e.m.c.i.p.ProjectConfigurationManager - Update completed: 1 sec
2022-01-13 18:40:21,643 [Worker-14: Building] INFO  o.e.m.c.i.embedder.EclipseLogger - Using 'UTF-8' encoding to copy filtered resources.
2022-01-13 18:40:21,644 [Worker-14: Building] INFO  o.e.m.c.i.embedder.EclipseLogger - skip non existing resourceDirectory G:\My Drive\Java\javaEclipse\jdbcProjects\src\main\resources
2022-01-13 18:40:21,648 [Worker-14: Building] INFO  o.e.m.c.i.embedder.EclipseLogger - Using 'UTF-8' encoding to copy filtered resources.
2022-01-13 18:40:21,649 [Worker-14: Building] INFO  o.e.m.c.i.embedder.EclipseLogger - skip non existing resourceDirectory G:\My Drive\Java\javaEclipse\jdbcProjects\src\test\resources
2022-01-13 18:40:21,836 [Worker-14: Building] INFO  o.e.m.c.i.embedder.EclipseLogger - Using 'UTF-8' encoding to copy filtered resources.
2022-01-13 18:40:21,837 [Worker-14: Building] INFO  o.e.m.c.i.embedder.EclipseLogger - skip non existing resourceDirectory G:\My Drive\Java\javaEclipse\s1\src\main\resources
2022-01-13 18:40:21,842 [Worker-14: Building] INFO  o.e.m.c.i.embedder.EclipseLogger - Using 'UTF-8' encoding to copy filtered resources.
2022-01-13 18:40:21,843 [Worker-14: Building] INFO  o.e.m.c.i.embedder.EclipseLogger - skip non existing resourceDirectory G:\My Drive\Java\javaEclipse\s1\src\test\resources
2022-01-13 18:41:23,285 [Worker-19: Updating Maven Project] INFO  o.e.m.c.i.p.ProjectConfigurationManager - Update started
2022-01-13 18:41:23,854 [Worker-19: Updating Maven Project] INFO  o.e.m.c.i.l.LifecycleMappingFactory - Using org.eclipse.m2e.jdt.JarLifecycleMapping lifecycle mapping for MavenProject: jdbcProjeleri:Proje01:0.0.1-SNAPSHOT @ G:\My Drive\Java\javaEclipse\jdbcProjects\pom.xml.
2022-01-13 18:41:23,899 [Worker-19: Updating Maven Project] INFO  o.e.m.c.i.l.LifecycleMappingFactory - Using org.eclipse.m2e.jdt.JarLifecycleMapping lifecycle mapping for MavenProject: jdbcProjeleri:s1:0.0.1-SNAPSHOT @ G:\My Drive\Java\javaEclipse\s1\pom.xml.
2022-01-13 18:41:24,728 [Worker-19: Updating Maven Project] INFO  o.e.m.j.i.AbstractJavaProjectConfigurator - Adding source folder /jdbcProjects/src/main/java
2022-01-13 18:41:24,732 [Worker-19: Updating Maven Project] INFO  o.e.m.j.i.AbstractJavaProjectConfigurator - Adding source folder /jdbcProjects/src/test/java
2022-01-13 18:41:24,857 [Worker-19: Updating Maven Project] INFO  o.e.m.j.i.AbstractJavaProjectConfigurator - Adding source folder /s1/src/main/java
2022-01-13 18:41:24,861 [Worker-19: Updating Maven Project] INFO  o.e.m.j.i.AbstractJavaProjectConfigurator - Adding source folder /s1/src/test/java
2022-01-13 18:41:25,330 [Worker-19: Updating Maven Project] INFO  o.e.m.c.i.p.ProjectConfigurationManager - Update completed: 2 sec
2022-01-13 18:41:25,617 [Worker-14: Building] INFO  o.e.m.c.i.embedder.EclipseLogger - Using 'UTF-8' encoding to copy filtered resources.
2022-01-13 18:41:25,617 [Worker-14: Building] INFO  o.e.m.c.i.embedder.EclipseLogger - skip non existing resourceDirectory G:\My Drive\Java\javaEclipse\jdbcProjects\src\main\resources
2022-01-13 18:41:25,620 [Worker-14: Building] INFO  o.e.m.c.i.embedder.EclipseLogger - Using 'UTF-8' encoding to copy filtered resources.
2022-01-13 18:41:25,621 [Worker-14: Building] INFO  o.e.m.c.i.embedder.EclipseLogger - skip non existing resourceDirectory G:\My Drive\Java\javaEclipse\jdbcProjects\src\test\resources
2022-01-13 18:41:25,726 [Worker-14: Building] INFO  o.e.m.c.i.embedder.EclipseLogger - Using 'UTF-8' encoding to copy filtered resources.
2022-01-13 18:41:25,726 [Worker-14: Building] INFO  o.e.m.c.i.embedder.EclipseLogger - skip non existing resourceDirectory G:\My Drive\Java\javaEclipse\s1\src\main\resources
2022-01-13 18:41:25,729 [Worker-14: Building] INFO  o.e.m.c.i.embedder.EclipseLogger - Using 'UTF-8' encoding to copy filtered resources.
2022-01-13 18:41:25,730 [Worker-14: Building] INFO  o.e.m.c.i.embedder.EclipseLogger - skip non existing resourceDirectory G:\My Drive\Java\javaEclipse\s1\src\test\resources
2022-01-13 18:41:29,372 [main] ERROR o.e.m2e.editor.pom.MavenPomEditor - The resource tree is locked for modifications.
org.eclipse.core.internal.resources.ResourceException: The resource tree is locked for modifications.
	at org.eclipse.core.internal.resources.WorkManager.checkIn(WorkManager.java:122)
	at org.eclipse.core.internal.resources.Workspace.prepareOperation(Workspace.java:2263)
	at org.eclipse.core.internal.resources.Resource.refreshLocal(Resource.java:1554)
	at org.eclipse.core.internal.resources.File.refreshLocal(File.java:314)
	at org.eclipse.m2e.editor.pom.MavenPomEditor$1.documentChanged(MavenPomEditor.java:430)
	at org.eclipse.wst.sse.core.internal.text.BasicStructuredDocument._fireDocumentChanged(BasicStructuredDocument.java:462)
	at org.eclipse.wst.sse.core.internal.text.BasicStructuredDocument.fireStructuredDocumentEvent(BasicStructuredDocument.java:1177)
	at org.eclipse.wst.sse.core.internal.text.BasicStructuredDocument.internalReplaceText(BasicStructuredDocument.java:1985)
	at org.eclipse.wst.sse.core.internal.text.BasicStructuredDocument.replaceText(BasicStructuredDocument.java:2425)
	at org.eclipse.wst.sse.core.internal.text.BasicStructuredDocument.set(BasicStructuredDocument.java:2937)
	at org.eclipse.core.internal.filebuffers.ResourceTextFileBuffer.handleFileContentChanged(ResourceTextFileBuffer.java:456)
	at org.eclipse.core.internal.filebuffers.ResourceFileBuffer$FileSynchronizer$2.execute(ResourceFileBuffer.java:151)
	at org.eclipse.core.internal.filebuffers.ResourceFileBuffer$SafeFileChange.run(ResourceFileBuffer.java:86)
	at org.eclipse.ui.internal.editors.text.UISynchronizationContext.run(UISynchronizationContext.java:35)
	at org.eclipse.core.internal.filebuffers.TextFileBufferManager.execute(TextFileBufferManager.java:592)
	at org.eclipse.core.internal.filebuffers.ResourceFileBuffer$FileSynchronizer.resourceChanged(ResourceFileBuffer.java:184)
	at org.eclipse.core.internal.events.NotificationManager$1.run(NotificationManager.java:305)
	at org.eclipse.core.runtime.SafeRunner.run(SafeRunner.java:45)
	at org.eclipse.core.internal.events.NotificationManager.notify(NotificationManager.java:295)
	at org.eclipse.core.internal.events.NotificationManager.broadcastChanges(NotificationManager.java:158)
	at org.eclipse.core.internal.resources.Workspace.broadcastPostChange(Workspace.java:381)
	at org.eclipse.core.internal.resources.Workspace.endOperation(Workspace.java:1503)
	at org.eclipse.core.internal.resources.Workspace.run(Workspace.java:2327)
	at org.eclipse.core.internal.resources.Workspace.run(Workspace.java:2338)
	at org.eclipse.ui.actions.WorkspaceModifyOperation.run(WorkspaceModifyOperation.java:131)
	at org.eclipse.ui.internal.editors.text.WorkspaceOperationRunner.run(WorkspaceOperationRunner.java:76)
	at org.eclipse.ui.internal.editors.text.WorkspaceOperationRunner.run(WorkspaceOperationRunner.java:66)
	at org.eclipse.ui.editors.text.TextFileDocumentProvider.executeOperation(TextFileDocumentProvider.java:461)
	at org.eclipse.ui.editors.text.TextFileDocumentProvider.saveDocument(TextFileDocumentProvider.java:764)
	at org.eclipse.ui.texteditor.AbstractTextEditor.performSave(AbstractTextEditor.java:5008)
	at org.eclipse.ui.texteditor.AbstractTextEditor.doSave(AbstractTextEditor.java:4808)
	at org.eclipse.wst.sse.ui.StructuredTextEditor.doSave(StructuredTextEditor.java:2010)
	at org.eclipse.m2e.editor.pom.MavenPomEditor.doSave(MavenPomEditor.java:671)
	at org.eclipse.ui.internal.DefaultSaveable.doSave(DefaultSaveable.java:53)
	at org.eclipse.ui.Saveable.doSave(Saveable.java:213)
	at org.eclipse.ui.internal.SaveableHelper.doSaveModel(SaveableHelper.java:333)
	at org.eclipse.ui.internal.SaveablesList.lambda$2(SaveablesList.java:840)
	at org.eclipse.ui.internal.SaveableHelper.lambda$3(SaveableHelper.java:271)
	at org.eclipse.jface.operation.ModalContext.runInCurrentThread(ModalContext.java:434)
	at org.eclipse.jface.operation.ModalContext.run(ModalContext.java:352)
	at org.eclipse.ui.internal.WorkbenchWindow.lambda$7(WorkbenchWindow.java:2345)
	at org.eclipse.swt.custom.BusyIndicator.showWhile(BusyIndicator.java:74)
	at org.eclipse.ui.internal.WorkbenchWindow.run(WorkbenchWindow.java:2343)
	at org.eclipse.ui.internal.SaveableHelper.runProgressMonitorOperation(SaveableHelper.java:278)
	at org.eclipse.ui.internal.SaveablesList.saveModels(SaveablesList.java:848)
	at org.eclipse.ui.internal.SaveablesList.saveModels(SaveablesList.java:812)
	at org.eclipse.ui.internal.SaveablesList.promptForSaving(SaveablesList.java:796)
	at org.eclipse.ui.internal.SaveablesList.promptForSaving(SaveablesList.java:629)
	at org.eclipse.ui.internal.SaveablesList.promptForSavingIfNecessary(SaveablesList.java:608)
	at org.eclipse.ui.internal.SaveablesList.preCloseParts(SaveablesList.java:550)
	at org.eclipse.ui.internal.SaveablesList.preCloseParts(SaveablesList.java:484)
	at org.eclipse.ui.internal.SaveablesList.preCloseParts(SaveablesList.java:479)
	at org.eclipse.ui.internal.SaveablesList.preCloseParts(SaveablesList.java:474)
	at org.eclipse.ui.internal.WorkbenchWindow$2.save(WorkbenchWindow.java:565)
	at org.eclipse.e4.ui.internal.workbench.PartServiceImpl.savePart(PartServiceImpl.java:1444)
	at org.eclipse.e4.ui.workbench.renderers.swt.StackRenderer.closePart(StackRenderer.java:1181)
	at org.eclipse.e4.ui.workbench.renderers.swt.StackRenderer$3.close(StackRenderer.java:1042)
	at org.eclipse.swt.custom.CTabFolder.onMouse(CTabFolder.java:1961)
	at org.eclipse.swt.custom.CTabFolder.lambda$0(CTabFolder.java:336)
	at org.eclipse.swt.widgets.EventTable.sendEvent(EventTable.java:89)
	at org.eclipse.swt.widgets.Display.sendEvent(Display.java:4237)
	at org.eclipse.swt.widgets.Widget.sendEvent(Widget.java:1060)
	at org.eclipse.swt.widgets.Display.runDeferredEvents(Display.java:4054)
	at org.eclipse.swt.widgets.Display.readAndDispatch(Display.java:3626)
	at org.eclipse.e4.ui.internal.workbench.swt.PartRenderingEngine$5.run(PartRenderingEngine.java:1150)
	at org.eclipse.core.databinding.observable.Realm.runWithDefault(Realm.java:338)
	at org.eclipse.e4.ui.internal.workbench.swt.PartRenderingEngine.run(PartRenderingEngine.java:1041)
	at org.eclipse.e4.ui.internal.workbench.E4Workbench.createAndRunUI(E4Workbench.java:155)
	at org.eclipse.ui.internal.Workbench.lambda$3(Workbench.java:644)
	at org.eclipse.core.databinding.observable.Realm.runWithDefault(Realm.java:338)
	at org.eclipse.ui.internal.Workbench.createAndRunWorkbench(Workbench.java:551)
	at org.eclipse.ui.PlatformUI.createAndRunWorkbench(PlatformUI.java:156)
	at org.eclipse.ui.internal.ide.application.IDEApplication.start(IDEApplication.java:152)
	at org.eclipse.equinox.internal.app.EclipseAppHandle.run(EclipseAppHandle.java:203)
	at org.eclipse.core.runtime.internal.adaptor.EclipseAppLauncher.runApplication(EclipseAppLauncher.java:136)
	at org.eclipse.core.runtime.internal.adaptor.EclipseAppLauncher.start(EclipseAppLauncher.java:104)
	at org.eclipse.core.runtime.adaptor.EclipseStarter.run(EclipseStarter.java:401)
	at org.eclipse.core.runtime.adaptor.EclipseStarter.run(EclipseStarter.java:255)
	at java.base/jdk.internal.reflect.NativeMethodAccessorImpl.invoke0(Native Method)
	at java.base/jdk.internal.reflect.NativeMethodAccessorImpl.invoke(NativeMethodAccessorImpl.java:77)
	at java.base/jdk.internal.reflect.DelegatingMethodAccessorImpl.invoke(DelegatingMethodAccessorImpl.java:43)
	at java.base/java.lang.reflect.Method.invoke(Method.java:568)
	at org.eclipse.equinox.launcher.Main.invokeFramework(Main.java:659)
	at org.eclipse.equinox.launcher.Main.basicRun(Main.java:596)
	at org.eclipse.equinox.launcher.Main.run(Main.java:1467)
	at org.eclipse.equinox.launcher.Main.main(Main.java:1440)
Caused by: java.lang.Exception: The resource tree is locked for modifications.
	at org.eclipse.core.internal.resources.ResourceException.provideStackTrace(ResourceException.java:42)
	at org.eclipse.core.internal.resources.ResourceException.<init>(ResourceException.java:38)
	... 86 common frames omitted
2022-01-13 18:41:29,786 [Worker-4: Building] INFO  o.e.m.c.i.l.LifecycleMappingFactory - Using org.eclipse.m2e.jdt.JarLifecycleMapping lifecycle mapping for MavenProject: jdbcProjeleri:s1:0.0.1-SNAPSHOT @ G:\My Drive\Java\javaEclipse\s1\pom.xml.
2022-01-13 18:41:30,325 [Worker-4: Building] INFO  o.e.m.c.i.embedder.EclipseLogger - Using 'UTF-8' encoding to copy filtered resources.
2022-01-13 18:41:30,327 [Worker-4: Building] INFO  o.e.m.c.i.embedder.EclipseLogger - skip non existing resourceDirectory G:\My Drive\Java\javaEclipse\s1\src\main\resources
2022-01-13 18:41:30,329 [Worker-4: Building] INFO  o.e.m.c.i.embedder.EclipseLogger - Using 'UTF-8' encoding to copy filtered resources.
2022-01-13 18:41:30,330 [Worker-4: Building] INFO  o.e.m.c.i.embedder.EclipseLogger - skip non existing resourceDirectory G:\My Drive\Java\javaEclipse\s1\src\test\resources
2022-01-13 18:41:31,664 [Worker-11: Building] INFO  o.e.m.c.i.embedder.EclipseLogger - Using 'UTF-8' encoding to copy filtered resources.
2022-01-13 18:41:31,666 [Worker-11: Building] INFO  o.e.m.c.i.embedder.EclipseLogger - skip non existing resourceDirectory G:\My Drive\Java\javaEclipse\s1\src\main\resources
2022-01-13 18:41:31,673 [Worker-11: Building] INFO  o.e.m.c.i.embedder.EclipseLogger - Using 'UTF-8' encoding to copy filtered resources.
2022-01-13 18:41:31,674 [Worker-11: Building] INFO  o.e.m.c.i.embedder.EclipseLogger - skip non existing resourceDirectory G:\My Drive\Java\javaEclipse\s1\src\test\resources
2022-01-13 18:42:20,492 [Worker-19: Building] INFO  o.e.m.c.i.embedder.EclipseLogger - Using 'UTF-8' encoding to copy filtered resources.
2022-01-13 18:42:20,495 [Worker-19: Building] INFO  o.e.m.c.i.embedder.EclipseLogger - skip non existing resourceDirectory G:\My Drive\Java\javaEclipse\s1\src\main\resources
2022-01-13 18:42:20,498 [Worker-19: Building] INFO  o.e.m.c.i.embedder.EclipseLogger - Using 'UTF-8' encoding to copy filtered resources.
2022-01-13 18:42:20,499 [Worker-19: Building] INFO  o.e.m.c.i.embedder.EclipseLogger - skip non existing resourceDirectory G:\My Drive\Java\javaEclipse\s1\src\test\resources
2022-01-13 18:42:21,545 [Worker-12: Building] INFO  o.e.m.c.i.embedder.EclipseLogger - Using 'UTF-8' encoding to copy filtered resources.
2022-01-13 18:42:21,548 [Worker-12: Building] INFO  o.e.m.c.i.embedder.EclipseLogger - skip non existing resourceDirectory G:\My Drive\Java\javaEclipse\s1\src\main\resources
2022-01-13 18:42:21,549 [Worker-12: Building] INFO  o.e.m.c.i.embedder.EclipseLogger - Using 'UTF-8' encoding to copy filtered resources.
2022-01-13 18:42:21,550 [Worker-12: Building] INFO  o.e.m.c.i.embedder.EclipseLogger - skip non existing resourceDirectory G:\My Drive\Java\javaEclipse\s1\src\test\resources
2022-01-13 18:42:22,562 [Worker-4: Building] INFO  o.e.m.c.i.embedder.EclipseLogger - Using 'UTF-8' encoding to copy filtered resources.
2022-01-13 18:42:22,565 [Worker-4: Building] INFO  o.e.m.c.i.embedder.EclipseLogger - skip non existing resourceDirectory G:\My Drive\Java\javaEclipse\s1\src\main\resources
2022-01-13 18:42:22,568 [Worker-4: Building] INFO  o.e.m.c.i.embedder.EclipseLogger - Using 'UTF-8' encoding to copy filtered resources.
2022-01-13 18:42:22,569 [Worker-4: Building] INFO  o.e.m.c.i.embedder.EclipseLogger - skip non existing resourceDirectory G:\My Drive\Java\javaEclipse\s1\src\test\resources
2022-01-13 18:42:47,236 [Worker-19: Building] INFO  o.e.m.c.i.embedder.EclipseLogger - Using 'UTF-8' encoding to copy filtered resources.
2022-01-13 18:42:47,240 [Worker-19: Building] INFO  o.e.m.c.i.embedder.EclipseLogger - skip non existing resourceDirectory G:\My Drive\Java\javaEclipse\s1\src\main\resources
2022-01-13 18:42:47,248 [Worker-19: Building] INFO  o.e.m.c.i.embedder.EclipseLogger - Using 'UTF-8' encoding to copy filtered resources.
2022-01-13 18:42:47,253 [Worker-19: Building] INFO  o.e.m.c.i.embedder.EclipseLogger - skip non existing resourceDirectory G:\My Drive\Java\javaEclipse\s1\src\test\resources
2022-01-13 18:42:48,336 [Worker-4: Building] INFO  o.e.m.c.i.embedder.EclipseLogger - Using 'UTF-8' encoding to copy filtered resources.
2022-01-13 18:42:48,339 [Worker-4: Building] INFO  o.e.m.c.i.embedder.EclipseLogger - skip non existing resourceDirectory G:\My Drive\Java\javaEclipse\s1\src\main\resources
2022-01-13 18:42:48,342 [Worker-4: Building] INFO  o.e.m.c.i.embedder.EclipseLogger - Using 'UTF-8' encoding to copy filtered resources.
2022-01-13 18:42:48,343 [Worker-4: Building] INFO  o.e.m.c.i.embedder.EclipseLogger - skip non existing resourceDirectory G:\My Drive\Java\javaEclipse\s1\src\test\resources
2022-01-13 18:42:49,356 [Worker-14: Building] INFO  o.e.m.c.i.embedder.EclipseLogger - Using 'UTF-8' encoding to copy filtered resources.
2022-01-13 18:42:49,358 [Worker-14: Building] INFO  o.e.m.c.i.embedder.EclipseLogger - skip non existing resourceDirectory G:\My Drive\Java\javaEclipse\s1\src\main\resources
2022-01-13 18:42:49,360 [Worker-14: Building] INFO  o.e.m.c.i.embedder.EclipseLogger - Using 'UTF-8' encoding to copy filtered resources.
2022-01-13 18:42:49,361 [Worker-14: Building] INFO  o.e.m.c.i.embedder.EclipseLogger - skip non existing resourceDirectory G:\My Drive\Java\javaEclipse\s1\src\test\resources
2022-01-13 18:58:59,225 [Worker-26: Launching Tablo1] INFO  o.e.m.c.i.embedder.EclipseLogger - Using 'UTF-8' encoding to copy filtered resources.
2022-01-13 18:58:59,228 [Worker-26: Launching Tablo1] INFO  o.e.m.c.i.embedder.EclipseLogger - skip non existing resourceDirectory G:\My Drive\Java\javaEclipse\s1\src\main\resources
2022-01-13 18:58:59,233 [Worker-26: Launching Tablo1] INFO  o.e.m.c.i.embedder.EclipseLogger - Using 'UTF-8' encoding to copy filtered resources.
2022-01-13 18:58:59,234 [Worker-26: Launching Tablo1] INFO  o.e.m.c.i.embedder.EclipseLogger - skip non existing resourceDirectory G:\My Drive\Java\javaEclipse\s1\src\test\resources
2022-01-13 18:58:59,475 [Worker-27: Building] INFO  o.e.m.c.i.embedder.EclipseLogger - Using 'UTF-8' encoding to copy filtered resources.
2022-01-13 18:58:59,477 [Worker-27: Building] INFO  o.e.m.c.i.embedder.EclipseLogger - skip non existing resourceDirectory G:\My Drive\Java\javaEclipse\s1\src\main\resources
2022-01-13 18:58:59,480 [Worker-27: Building] INFO  o.e.m.c.i.embedder.EclipseLogger - Using 'UTF-8' encoding to copy filtered resources.
2022-01-13 18:58:59,482 [Worker-27: Building] INFO  o.e.m.c.i.embedder.EclipseLogger - skip non existing resourceDirectory G:\My Drive\Java\javaEclipse\s1\src\test\resources
2022-01-13 18:59:00,497 [Worker-24: Building] INFO  o.e.m.c.i.embedder.EclipseLogger - Using 'UTF-8' encoding to copy filtered resources.
2022-01-13 18:59:00,499 [Worker-24: Building] INFO  o.e.m.c.i.embedder.EclipseLogger - skip non existing resourceDirectory G:\My Drive\Java\javaEclipse\s1\src\main\resources
2022-01-13 18:59:00,503 [Worker-24: Building] INFO  o.e.m.c.i.embedder.EclipseLogger - Using 'UTF-8' encoding to copy filtered resources.
2022-01-13 18:59:00,505 [Worker-24: Building] INFO  o.e.m.c.i.embedder.EclipseLogger - skip non existing resourceDirectory G:\My Drive\Java\javaEclipse\s1\src\test\resources
2022-01-18 10:36:15,625 [Worker-2: Loading available Gradle versions] INFO  o.e.b.c.i.u.g.PublishedGradleVersions - Gradle version information cache is up-to-date. Trying to read.
2022-01-27 20:56:44,324 [Worker-4: Loading available Gradle versions] INFO  o.e.b.c.i.u.g.PublishedGradleVersions - Gradle version information cache is out-of-date. Trying to update.
2022-01-29 10:20:05,053 [Worker-1: Loading available Gradle versions] INFO  o.e.b.c.i.u.g.PublishedGradleVersions - Gradle version information cache is out-of-date. Trying to update.
